<?xml version="1.0" encoding="UTF-8"?>
<!-- Generated by org.testng.reporters.JUnitReportReporter -->
<testsuite hostname="DESKTOP-JPKOAUS" failures="0" tests="9" name="testng.Parameterization.ParallelTesting" time="0.318" errors="0" timestamp="2025-04-07T23:10:01 IST" skipped="0">
  <testcase classname="testng.Parameterization.ParallelTesting" name="testlogo" time="0.045"/>
  <testcase classname="testng.Parameterization.ParallelTesting" name="testlogo" time="0.081"/>
  <testcase classname="testng.Parameterization.ParallelTesting" name="testlogo" time="0.047"/>
  <testcase classname="testng.Parameterization.ParallelTesting" name="testtitle" time="0.029"/>
  <testcase classname="testng.Parameterization.ParallelTesting" name="testtitle" time="0.016"/>
  <testcase classname="testng.Parameterization.ParallelTesting" name="testtitle" time="0.026"/>
  <testcase classname="testng.Parameterization.ParallelTesting" name="testUrl" time="0.027"/>
  <testcase classname="testng.Parameterization.ParallelTesting" name="testUrl" time="0.018"/>
  <testcase classname="testng.Parameterization.ParallelTesting" name="testUrl" time="0.029"/>
</testsuite> <!-- testng.Parameterization.ParallelTesting -->
