<?xml version="1.0" encoding="UTF-8"?>
<!-- Generated by org.testng.reporters.JUnitReportReporter -->
<testsuite hostname="DESKTOP-JPKOAUS" failures="0" tests="1" name="testng.Parameterization.SpecificTestInputRun" time="4.388" errors="0" timestamp="2025-04-05T14:50:10 IST" skipped="0">
  <testcase classname="testng.Parameterization.SpecificTestInputRun" name="testLogin" time="4.388"/>
</testsuite> <!-- testng.Parameterization.SpecificTestInputRun -->
