<?xml version="1.0" encoding="UTF-8"?>
<!-- Generated by org.testng.reporters.JUnitReportReporter -->
<testsuite hostname="DESKTOP-JPKOAUS" failures="0" tests="4" name="testng.Annotations.OrangeHRMTest" time="8.948" errors="0" timestamp="2025-04-22T09:46:55 IST" skipped="0">
  <testcase classname="testng.Annotations.OrangeHRMTest" name="openApp" time="5.648"/>
  <testcase classname="testng.Annotations.OrangeHRMTest" name="testlogo" time="3.038"/>
  <testcase classname="testng.Annotations.OrangeHRMTest" name="testlogin" time="0.149"/>
  <testcase classname="testng.Annotations.OrangeHRMTest" name="closeApp" time="0.113"/>
</testsuite> <!-- testng.Annotations.OrangeHRMTest -->
