<?xml version="1.0" encoding="UTF-8"?>
<!-- Generated by org.testng.reporters.JUnitReportReporter -->
<testsuite hostname="DESKTOP-JPKOAUS" failures="0" tests="4" name="testng.Dependency.dependsOnGroupsEx" time="0.010" errors="0" timestamp="2025-04-02T15:10:14 IST" skipped="0">
  <testcase classname="testng.Dependency.dependsOnGroupsEx" name="m2" time="0.002"/>
  <testcase classname="testng.Dependency.dependsOnGroupsEx" name="m4" time="0.001"/>
  <testcase classname="testng.Dependency.dependsOnGroupsEx" name="m1" time="0.006"/>
  <testcase classname="testng.Dependency.dependsOnGroupsEx" name="m3" time="0.001"/>
</testsuite> <!-- testng.Dependency.dependsOnGroupsEx -->
