<?xml version="1.0" encoding="UTF-8"?>
<!-- Generated by org.testng.reporters.JUnitReportReporter -->
<testsuite hostname="DESKTOP-JPKOAUS" failures="0" tests="3" name="testng.Grouping.SignupTests" time="0.015" errors="0" timestamp="2025-04-02T16:37:41 IST" skipped="0">
  <testcase classname="testng.Grouping.SignupTests" name="signupByEmail" time="0.010"/>
  <testcase classname="testng.Grouping.SignupTests" name="signupByFacebook" time="0.004"/>
  <testcase classname="testng.Grouping.SignupTests" name="signupByTwitter" time="0.001"/>
</testsuite> <!-- testng.Grouping.SignupTests -->
