<?xml version="1.0" encoding="UTF-8"?>
<!-- Generated by org.testng.reporters.JUnitReportReporter -->
<testsuite hostname="DESKTOP-JPKOAUS" failures="0" tests="1" name="pom.LoginTestCaseWithPageFactory" time="3.165" errors="0" timestamp="2025-04-17T17:37:00 IST" skipped="0">
  <testcase classname="pom.LoginTestCaseWithPageFactory" name="testlogin" time="3.165"/>
</testsuite> <!-- pom.LoginTestCaseWithPageFactory -->
