<?xml version="1.0" encoding="UTF-8"?>
<!-- Generated by org.testng.reporters.JUnitReportReporter -->
<testsuite hostname="DESKTOP-JPKOAUS" failures="0" tests="2" name="testng.Annotations.BeforeAfterTestMethodDemo" time="0.017" errors="0" timestamp="2025-04-01T14:23:49 IST" skipped="0">
  <testcase classname="testng.Annotations.BeforeAfterTestMethodDemo" name="test1" time="0.013"/>
  <testcase classname="testng.Annotations.BeforeAfterTestMethodDemo" name="dashboardAccessTest" time="0.004"/>
</testsuite> <!-- testng.Annotations.BeforeAfterTestMethodDemo -->
