<?xml version="1.0" encoding="UTF-8"?>
<!-- Generated by org.testng.reporters.JUnitReportReporter -->
<testsuite hostname="DESKTOP-JPKOAUS" failures="0" tests="1" name="testng.Annotations.TestAnnotaion" time="0.008" errors="0" timestamp="2025-03-31T12:06:33 IST" skipped="0">
  <testcase classname="testng.Annotations.TestAnnotaion" name="sampleTest" time="0.008"/>
</testsuite> <!-- testng.Annotations.TestAnnotaion -->
