<?xml version="1.0" encoding="UTF-8"?>
<!-- Generated by org.testng.reporters.JUnitReportReporter -->
<testsuite hostname="DESKTOP-JPKOAUS" failures="0" tests="2" name="testng.annotations.PriorityTest" time="0.009" errors="0" timestamp="2025-03-31T09:56:43 IST" skipped="1">
  <testcase classname="testng.annotations.PriorityTest" name="logout" time="0.009"/>
  <testcase classname="testng.annotations.PriorityTest" name="disabledTest">
    <skipped/>
  </testcase> <!-- disabledTest -->
</testsuite> <!-- testng.annotations.PriorityTest -->
