<?xml version="1.0" encoding="UTF-8"?>
<!-- Generated by org.testng.reporters.JUnitReportReporter -->
<testsuite hostname="DESKTOP-JPKOAUS" failures="0" tests="1" name="testng.Assert.AssertionExample" time="0.013" errors="0" timestamp="2025-04-04T12:44:56 IST" skipped="0">
  <testcase classname="testng.Assert.AssertionExample" name="testTitle" time="0.013"/>
</testsuite> <!-- testng.Assert.AssertionExample -->
