<?xml version="1.0" encoding="UTF-8"?>
<!-- Generated by org.testng.reporters.JUnitReportReporter -->
<testsuite hostname="DESKTOP-JPKOAUS" failures="0" tests="2" name="testng.BasicAsserts.AssertEqualsNotEquals" time="0.012" errors="0" timestamp="2025-04-05T08:08:13 IST" skipped="0">
  <testcase classname="testng.BasicAsserts.AssertEqualsNotEquals" name="verifyErrorMessage" time="0.010"/>
  <testcase classname="testng.BasicAsserts.AssertEqualsNotEquals" name="verifyPageTitle" time="0.002"/>
</testsuite> <!-- testng.BasicAsserts.AssertEqualsNotEquals -->
