<?xml version="1.0" encoding="UTF-8"?>
<!-- Generated by org.testng.reporters.JUnitReportReporter -->
<testsuite hostname="DESKTOP-JPKOAUS" failures="0" tests="2" name="testng.Annotations.BeforeAfterMethodAnnotations" time="0.023" errors="0" timestamp="2025-04-01T08:17:33 IST" skipped="0">
  <testcase classname="testng.Annotations.BeforeAfterMethodAnnotations" name="seacrh" time="0.020"/>
  <testcase classname="testng.Annotations.BeforeAfterMethodAnnotations" name="advancedsearch" time="0.003"/>
</testsuite> <!-- testng.Annotations.BeforeAfterMethodAnnotations -->
