<?xml version="1.0" encoding="UTF-8"?>
<!-- Generated by org.testng.reporters.JUnitReportReporter -->
<testsuite hostname="DESKTOP-JPKOAUS" failures="0" tests="1" name="pom.LoginTestCase" time="0.549" errors="0" timestamp="2025-04-17T09:50:20 IST" skipped="0">
  <testcase classname="pom.LoginTestCase" name="testlogin" time="0.549"/>
</testsuite> <!-- pom.LoginTestCase -->
