<?xml version="1.0" encoding="UTF-8"?>
<!-- Generated by org.testng.reporters.JUnitReportReporter -->
<testsuite hostname="DESKTOP-JPKOAUS" failures="0" tests="3" name="testng.annotations.MyFirstTestCase" time="0.013" errors="0" timestamp="2025-03-31T09:09:13 IST" skipped="0">
  <testcase classname="testng.annotations.MyFirstTestCase" name="openApp" time="0.011"/>
  <testcase classname="testng.annotations.MyFirstTestCase" name="login" time="0.001"/>
  <testcase classname="testng.annotations.MyFirstTestCase" name="logout" time="0.001"/>
</testsuite> <!-- testng.annotations.MyFirstTestCase -->
