<?xml version="1.0" encoding="UTF-8"?>
<!-- Generated by org.testng.reporters.JUnitReportReporter -->
<testsuite hostname="DESKTOP-JPKOAUS" failures="0" tests="1" name="pom.LoginTestCaseWithoutPageFactory" time="1.994" errors="0" timestamp="2025-04-17T17:39:40 IST" skipped="0">
  <testcase classname="pom.LoginTestCaseWithoutPageFactory" name="testlogin" time="1.994"/>
</testsuite> <!-- pom.LoginTestCaseWithoutPageFactory -->
