<?xml version="1.0" encoding="UTF-8"?>
<!-- Generated by org.testng.reporters.JUnitReportReporter -->
<testsuite hostname="DESKTOP-JPKOAUS" failures="0" tests="3" name="testng.Grouping.LoginTests" time="0.019" errors="0" timestamp="2025-04-02T16:37:08 IST" skipped="0">
  <testcase classname="testng.Grouping.LoginTests" name="loginByEmail" time="0.011"/>
  <testcase classname="testng.Grouping.LoginTests" name="loginByFacebook" time="0.006"/>
  <testcase classname="testng.Grouping.LoginTests" name="loginByTwitter" time="0.002"/>
</testsuite> <!-- testng.Grouping.LoginTests -->
