<?xml version="1.0" encoding="UTF-8"?>
<!-- Generated by org.testng.reporters.JUnitReportReporter -->
<testsuite hostname="DESKTOP-JPKOAUS" failures="0" tests="1" name="testng.Annotations.C3" time="0.002" errors="0" timestamp="2025-04-29T11:59:22 IST" skipped="0">
  <testcase classname="testng.Annotations.C3" name="pqr" time="0.002"/>
</testsuite> <!-- testng.Annotations.C3 -->
