<?xml version="1.0" encoding="UTF-8"?>
<!-- Generated by org.testng.reporters.JUnitReportReporter -->
<testsuite hostname="DESKTOP-JPKOAUS" failures="0" tests="2" name="testng.Grouping.PaymentTests" time="0.019" errors="0" timestamp="2025-04-02T16:37:35 IST" skipped="0">
  <testcase classname="testng.Grouping.PaymentTests" name="paymentinRupees" time="0.016"/>
  <testcase classname="testng.Grouping.PaymentTests" name="paymentinDollars" time="0.003"/>
</testsuite> <!-- testng.Grouping.PaymentTests -->
