<?xml version="1.0" encoding="UTF-8"?>
<!-- Generated by org.testng.reporters.JUnitReportReporter -->
<testsuite hostname="DESKTOP-JPKOAUS" failures="0" tests="5" name="testng.Dependency.DependencyMethods1" time="0.015" errors="0" timestamp="2025-04-02T15:05:10 IST" skipped="0">
  <testcase classname="testng.Dependency.DependencyMethods1" name="openapp" time="0.009"/>
  <testcase classname="testng.Dependency.DependencyMethods1" name="login" time="0.002"/>
  <testcase classname="testng.Dependency.DependencyMethods1" name="search" time="0.001"/>
  <testcase classname="testng.Dependency.DependencyMethods1" name="advsearch" time="0.002"/>
  <testcase classname="testng.Dependency.DependencyMethods1" name="logout" time="0.001"/>
</testsuite> <!-- testng.Dependency.DependencyMethods1 -->
