<?xml version="1.0" encoding="UTF-8"?>
<!-- Generated by org.testng.reporters.JUnitReportReporter -->
<testsuite hostname="DESKTOP-JPKOAUS" failures="0" tests="6" name="assertion.HardAssertions1" time="0.012" errors="0" timestamp="2025-04-03T10:25:42 IST" skipped="0">
  <testcase classname="assertion.HardAssertions1" name="testTrue" time="0.000"/>
  <testcase classname="assertion.HardAssertions1" name="testNotNull" time="0.000"/>
  <testcase classname="assertion.HardAssertions1" name="testNull" time="0.001"/>
  <testcase classname="assertion.HardAssertions1" name="testNotEqual" time="0.001"/>
  <testcase classname="assertion.HardAssertions1" name="testEqual" time="0.008"/>
  <testcase classname="assertion.HardAssertions1" name="testFalse" time="0.002"/>
</testsuite> <!-- assertion.HardAssertions1 -->
