<?xml version="1.0" encoding="UTF-8"?>
<!-- Generated by org.testng.reporters.JUnitReportReporter -->
<testsuite hostname="DESKTOP-JPKOAUS" failures="0" tests="4" name="testng.Annotations.AllAnnotations" time="0.010" errors="0" timestamp="2025-04-22T11:14:49 IST" skipped="0">
  <testcase classname="testng.Annotations.AllAnnotations" name="tm1" time="0.003"/>
  <testcase classname="testng.Annotations.AllAnnotations" name="testMethod1" time="0.002"/>
  <testcase classname="testng.Annotations.AllAnnotations" name="tm2" time="0.004"/>
  <testcase classname="testng.Annotations.AllAnnotations" name="testMethod2" time="0.001"/>
</testsuite> <!-- testng.Annotations.AllAnnotations -->
