<?xml version="1.0" encoding="UTF-8"?>
<!-- Generated by org.testng.reporters.JUnitReportReporter -->
<testsuite hostname="DESKTOP-JPKOAUS" failures="0" tests="2" name="testng.Annotations.C2" time="0.000" errors="0" timestamp="2025-04-22T11:14:49 IST" skipped="0">
  <testcase classname="testng.Annotations.C2" name="xyz" time="0.000"/>
  <testcase classname="testng.Annotations.C2" name="xyz" time="0.000"/>
</testsuite> <!-- testng.Annotations.C2 -->
